#
# There is insufficient memory for the Java Runtime Environment to continue.
# Native memory allocation (malloc) failed to allocate 32744 bytes for ChunkPool::allocate
# Possible reasons:
#   The system is out of physical RAM or swap space
#   In 32 bit mode, the process size limit was hit
# Possible solutions:
#   Reduce memory load on the system
#   Increase physical memory or swap space
#   Check if swap backing store is full
#   Use 64 bit Java on a 64 bit OS
#   Decrease Java heap size (-Xmx/-Xms)
#   Decrease number of Java threads
#   Decrease Java thread stack sizes (-Xss)
#   Set larger code cache with -XX:ReservedCodeCacheSize=
# This output file may be truncated or incomplete.
#
#  Out of Memory Error (allocation.cpp:273), pid=10900, tid=0x0000000000001710
#
# JRE version: OpenJDK Runtime Environment (8.0_112-b06) (build 1.8.0_112-release-b06)
# Java VM: OpenJDK 64-Bit Server VM (25.112-b06 mixed mode windows-amd64 compressed oops)
# Failed to write core dump. Minidumps are not enabled by default on client versions of Windows
#

---------------  T H R E A D  ---------------

Current thread (0x000000001644e800):  JavaThread "C2 CompilerThread0" daemon [_thread_in_native, id=5904, stack(0x0000000017a90000,0x0000000017b90000)]

Stack: [0x0000000017a90000,0x0000000017b90000]
[error occurred during error reporting (printing stack bounds), id 0xc0000005]

Native frames: (J=compiled Java code, j=interpreted, Vv=VM code, C=native code)


Current CompileTask:
C2: 329741 15066   !   4       java.util.concurrent.LinkedBlockingDeque::pollFirst (84 bytes)


---------------  P R O C E S S  ---------------

Java Threads: ( => current thread )
  0x000000001d5a7800 JavaThread "pool-12-thread-4" [_thread_blocked, id=15060, stack(0x0000000027130000,0x0000000027230000)]
  0x000000001d5ab800 JavaThread "pool-12-thread-3" [_thread_blocked, id=14844, stack(0x0000000026a30000,0x0000000026b30000)]
  0x000000001d5af000 JavaThread "pool-12-thread-2" [_thread_blocked, id=9056, stack(0x0000000026630000,0x0000000026730000)]
  0x000000001c04c000 JavaThread "pool-12-thread-1" [_thread_blocked, id=11080, stack(0x0000000025f30000,0x0000000026030000)]
  0x000000001c04b800 JavaThread "pool-8-thread-4" [_thread_blocked, id=11792, stack(0x0000000025e30000,0x0000000025f30000)]
  0x000000001c04d800 JavaThread "pool-8-thread-3" [_thread_blocked, id=13916, stack(0x0000000025d30000,0x0000000025e30000)]
  0x000000001c049000 JavaThread "pool-8-thread-2" [_thread_blocked, id=9984, stack(0x0000000025c30000,0x0000000025d30000)]
  0x000000001ec2c000 JavaThread "pool-8-thread-1" [_thread_blocked, id=772, stack(0x0000000025430000,0x0000000025530000)]
  0x000000001ec28000 JavaThread "Cache update executor" [_thread_blocked, id=668, stack(0x0000000025330000,0x0000000025430000)]
  0x000000001ec27800 JavaThread "Stdin handler" [_thread_blocked, id=13448, stack(0x0000000025230000,0x0000000025330000)]
  0x000000001ec2a800 JavaThread "Asynchronous log dispatcher for DefaultDaemonConnection: socket connection from /127.0.0.1:61666 to /127.0.0.1:61691" [_thread_blocked, id=10912, stack(0x0000000025130000,0x0000000025230000)]
  0x000000001ec26800 JavaThread "Daemon worker Thread 2" [_thread_blocked, id=13908, stack(0x0000000025030000,0x0000000025130000)]
  0x000000001ec29800 JavaThread "Cancel handler" [_thread_blocked, id=9584, stack(0x0000000024f30000,0x0000000025030000)]
  0x000000001ec26000 JavaThread "Handler for socket connection from /127.0.0.1:61666 to /127.0.0.1:61691" [_thread_in_native, id=11692, stack(0x0000000024e30000,0x0000000024f30000)]
  0x000000001ec29000 JavaThread "Daemon Thread 2" [_thread_blocked, id=5416, stack(0x0000000024d30000,0x0000000024e30000)]
  0x00000000197c0800 JavaThread "File lock request listener" [_thread_in_native, id=11924, stack(0x000000001bdc0000,0x000000001bec0000)]
  0x0000000019247800 JavaThread "pool-1-thread-1" [_thread_blocked, id=7952, stack(0x000000001a5f0000,0x000000001a6f0000)]
  0x0000000019504000 JavaThread "Incoming local TCP Connector on port 61666" [_thread_in_native, id=8000, stack(0x0000000019b60000,0x0000000019c60000)]
  0x0000000017dba800 JavaThread "Service Thread" daemon [_thread_blocked, id=14332, stack(0x0000000018190000,0x0000000018290000)]
  0x0000000016454800 JavaThread "C1 CompilerThread2" daemon [_thread_blocked, id=3036, stack(0x0000000017c90000,0x0000000017d90000)]
  0x0000000016451800 JavaThread "C2 CompilerThread1" daemon [_thread_in_vm, id=7452, stack(0x0000000017b90000,0x0000000017c90000)]
=>0x000000001644e800 JavaThread "C2 CompilerThread0" daemon [_thread_in_native, id=5904, stack(0x0000000017a90000,0x0000000017b90000)]
  0x000000001644b800 JavaThread "Attach Listener" daemon [_thread_blocked, id=13040, stack(0x0000000017990000,0x0000000017a90000)]
  0x000000001644a800 JavaThread "Signal Dispatcher" daemon [_thread_blocked, id=8948, stack(0x0000000017890000,0x0000000017990000)]
  0x000000001643e000 JavaThread "Finalizer" daemon [_thread_blocked, id=14628, stack(0x00000000176a0000,0x00000000177a0000)]
  0x0000000002a53000 JavaThread "Reference Handler" daemon [_thread_blocked, id=10468, stack(0x00000000175a0000,0x00000000176a0000)]
  0x0000000002960800 JavaThread "main" [_thread_blocked, id=8440, stack(0x0000000002850000,0x0000000002950000)]

Other Threads:
  0x0000000016415000 VMThread [stack: 0x00000000174a0000,0x00000000175a0000] [id=14296]
  0x0000000017dbe000 WatcherThread [stack: 0x0000000018290000,0x0000000018390000] [id=8320]

VM state:synchronizing (normal execution)

VM Mutex/Monitor currently owned by a thread:  ([mutex/lock_event])
[0x0000000002adc4e0] Threads_lock - owner thread: 0x0000000016415000

Heap:
 PSYoungGen      total 244224K, used 41489K [0x00000000e0000000, 0x00000000f0980000, 0x0000000100000000)
  eden space 216576K, 6% used [0x00000000e0000000,0x00000000e0d89338,0x00000000ed380000)
  from space 27648K, 99% used [0x00000000ed380000,0x00000000eee7b330,0x00000000eee80000)
  to   space 27136K, 0% used [0x00000000eee80000,0x00000000eee80000,0x00000000f0900000)
 ParOldGen       total 230400K, used 64202K [0x00000000a0000000, 0x00000000ae100000, 0x00000000e0000000)
  object space 230400K, 27% used [0x00000000a0000000,0x00000000a3eb2908,0x00000000ae100000)
 Metaspace       used 73399K, capacity 76370K, committed 76632K, reserved 1116160K
  class space    used 9489K, capacity 10076K, committed 10112K, reserved 1048576K

Card table byte_map: [0x0000000011ea0000,0x00000000121b0000] byte_map_base: 0x00000000119a0000

Marking Bits: (ParMarkBitMap*) 0x00000000525c18f0
 Begin Bits: [0x00000000127b0000, 0x0000000013fb0000)
 End Bits:   [0x0000000013fb0000, 0x00000000157b0000)

Polling page: 0x0000000001100000

CodeCache: size=245760Kb used=42372Kb max_used=42726Kb free=203387Kb
 bounds [0x0000000002ae0000, 0x00000000054e0000, 0x0000000011ae0000]
 total_blobs=12944 nmethods=12118 adapters=737
 compilation: enabled

Compilation events (10 events):
Event: 325.551 Thread 0x0000000016454800 15062   !   3       com.android.builder.profile.NameAnonymizer::anonymizeVariant (38 bytes)
Event: 325.552 Thread 0x0000000016454800 nmethod 15062 0x00000000048a1fd0 code [0x00000000048a2280, 0x00000000048a3398]
Event: 325.583 Thread 0x0000000016454800 15063 %     3       sun.nio.cs.UTF_8$Encoder::encodeArrayLoop @ 73 (489 bytes)
Event: 325.587 Thread 0x0000000016454800 nmethod 15063% 0x0000000005021a10 code [0x0000000005021fa0, 0x00000000050259c8]
Event: 325.589 Thread 0x0000000016454800 15064       3       com.google.common.base.Joiner::toString (24 bytes)
Event: 325.590 Thread 0x0000000016454800 nmethod 15064 0x0000000004bb0f90 code [0x0000000004bb1140, 0x0000000004bb1718]
Event: 325.599 Thread 0x0000000016454800 15065   !   3       java.lang.ThreadGroup::remove (94 bytes)
Event: 325.599 Thread 0x0000000016454800 nmethod 15065 0x00000000054cd010 code [0x00000000054cd1c0, 0x00000000054cd888]
Event: 329.281 Thread 0x000000001644e800 15066   !   4       java.util.concurrent.LinkedBlockingDeque::pollFirst (84 bytes)
Event: 329.292 Thread 0x0000000016451800 15067       4       java.util.concurrent.LinkedBlockingDeque::poll (7 bytes)

GC Heap History (10 events):
Event: 304.026 GC heap before
{Heap before GC invocations=16 (full 3):
 PSYoungGen      total 209408K, used 209383K [0x00000000e0000000, 0x00000000ef300000, 0x0000000100000000)
  eden space 183296K, 100% used [0x00000000e0000000,0x00000000eb300000,0x00000000eb300000)
  from space 26112K, 99% used [0x00000000ed180000,0x00000000eeaf9e30,0x00000000eeb00000)
  to   space 31232K, 0% used [0x00000000eb300000,0x00000000eb300000,0x00000000ed180000)
 ParOldGen       total 230400K, used 48279K [0x00000000a0000000, 0x00000000ae100000, 0x00000000e0000000)
  object space 230400K, 20% used [0x00000000a0000000,0x00000000a2f25fe0,0x00000000ae100000)
 Metaspace       used 62376K, capacity 64958K, committed 65240K, reserved 1105920K
  class space    used 8304K, capacity 8842K, committed 8960K, reserved 1048576K
Event: 304.042 GC heap after
Heap after GC invocations=16 (full 3):
 PSYoungGen      total 214528K, used 11877K [0x00000000e0000000, 0x00000000ef980000, 0x0000000100000000)
  eden space 183296K, 0% used [0x00000000e0000000,0x00000000e0000000,0x00000000eb300000)
  from space 31232K, 38% used [0x00000000eb300000,0x00000000ebe99570,0x00000000ed180000)
  to   space 29696K, 0% used [0x00000000edc80000,0x00000000edc80000,0x00000000ef980000)
 ParOldGen       total 230400K, used 48279K [0x00000000a0000000, 0x00000000ae100000, 0x00000000e0000000)
  object space 230400K, 20% used [0x00000000a0000000,0x00000000a2f25fe0,0x00000000ae100000)
 Metaspace       used 62376K, capacity 64958K, committed 65240K, reserved 1105920K
  class space    used 8304K, capacity 8842K, committed 8960K, reserved 1048576K
}
Event: 317.309 GC heap before
{Heap before GC invocations=17 (full 3):
 PSYoungGen      total 214528K, used 195173K [0x00000000e0000000, 0x00000000ef980000, 0x0000000100000000)
  eden space 183296K, 100% used [0x00000000e0000000,0x00000000eb300000,0x00000000eb300000)
  from space 31232K, 38% used [0x00000000eb300000,0x00000000ebe99570,0x00000000ed180000)
  to   space 29696K, 0% used [0x00000000edc80000,0x00000000edc80000,0x00000000ef980000)
 ParOldGen       total 230400K, used 48279K [0x00000000a0000000, 0x00000000ae100000, 0x00000000e0000000)
  object space 230400K, 20% used [0x00000000a0000000,0x00000000a2f25fe0,0x00000000ae100000)
 Metaspace       used 68854K, capacity 71614K, committed 71896K, reserved 1112064K
  class space    used 9059K, capacity 9602K, committed 9728K, reserved 1048576K
Event: 317.326 GC heap after
Heap after GC invocations=17 (full 3):
 PSYoungGen      total 219648K, used 13664K [0x00000000e0000000, 0x00000000ef580000, 0x0000000100000000)
  eden space 194048K, 0% used [0x00000000e0000000,0x00000000e0000000,0x00000000ebd80000)
  from space 25600K, 53% used [0x00000000edc80000,0x00000000ee9d8318,0x00000000ef580000)
  to   space 28672K, 0% used [0x00000000ebd80000,0x00000000ebd80000,0x00000000ed980000)
 ParOldGen       total 230400K, used 48295K [0x00000000a0000000, 0x00000000ae100000, 0x00000000e0000000)
  object space 230400K, 20% used [0x00000000a0000000,0x00000000a2f29fe0,0x00000000ae100000)
 Metaspace       used 68854K, capacity 71614K, committed 71896K, reserved 1112064K
  class space    used 9059K, capacity 9602K, committed 9728K, reserved 1048576K
}
Event: 318.126 GC heap before
{Heap before GC invocations=18 (full 3):
 PSYoungGen      total 219648K, used 207068K [0x00000000e0000000, 0x00000000ef580000, 0x0000000100000000)
  eden space 194048K, 99% used [0x00000000e0000000,0x00000000ebcdeff0,0x00000000ebd80000)
  from space 25600K, 53% used [0x00000000edc80000,0x00000000ee9d8318,0x00000000ef580000)
  to   space 28672K, 0% used [0x00000000ebd80000,0x00000000ebd80000,0x00000000ed980000)
 ParOldGen       total 230400K, used 48295K [0x00000000a0000000, 0x00000000ae100000, 0x00000000e0000000)
  object space 230400K, 20% used [0x00000000a0000000,0x00000000a2f29fe0,0x00000000ae100000)
 Metaspace       used 69621K, capacity 72534K, committed 72664K, reserved 1112064K
  class space    used 9166K, capacity 9716K, committed 9728K, reserved 1048576K
Event: 318.151 GC heap after
Heap after GC invocations=18 (full 3):
 PSYoungGen      total 222720K, used 14008K [0x00000000e0000000, 0x00000000f0900000, 0x0000000100000000)
  eden space 194048K, 0% used [0x00000000e0000000,0x00000000e0000000,0x00000000ebd80000)
  from space 28672K, 48% used [0x00000000ebd80000,0x00000000ecb2e1b0,0x00000000ed980000)
  to   space 27136K, 0% used [0x00000000eee80000,0x00000000eee80000,0x00000000f0900000)
 ParOldGen       total 230400K, used 48303K [0x00000000a0000000, 0x00000000ae100000, 0x00000000e0000000)
  object space 230400K, 20% used [0x00000000a0000000,0x00000000a2f2bfe0,0x00000000ae100000)
 Metaspace       used 69621K, capacity 72534K, committed 72664K, reserved 1112064K
  class space    used 9166K, capacity 9716K, committed 9728K, reserved 1048576K
}
Event: 322.917 GC heap before
{Heap before GC invocations=19 (full 3):
 PSYoungGen      total 222720K, used 208056K [0x00000000e0000000, 0x00000000f0900000, 0x0000000100000000)
  eden space 194048K, 100% used [0x00000000e0000000,0x00000000ebd80000,0x00000000ebd80000)
  from space 28672K, 48% used [0x00000000ebd80000,0x00000000ecb2e1b0,0x00000000ed980000)
  to   space 27136K, 0% used [0x00000000eee80000,0x00000000eee80000,0x00000000f0900000)
 ParOldGen       total 230400K, used 48303K [0x00000000a0000000, 0x00000000ae100000, 0x00000000e0000000)
  object space 230400K, 20% used [0x00000000a0000000,0x00000000a2f2bfe0,0x00000000ae100000)
 Metaspace       used 72971K, capacity 75984K, committed 76120K, reserved 1116160K
  class space    used 9480K, capacity 10075K, committed 10112K, reserved 1048576K
Event: 322.959 GC heap after
Heap after GC invocations=19 (full 3):
 PSYoungGen      total 243712K, used 19043K [0x00000000e0000000, 0x00000000f0980000, 0x0000000100000000)
  eden space 216576K, 0% used [0x00000000e0000000,0x00000000e0000000,0x00000000ed380000)
  from space 27136K, 70% used [0x00000000eee80000,0x00000000f0118e50,0x00000000f0900000)
  to   space 27648K, 0% used [0x00000000ed380000,0x00000000ed380000,0x00000000eee80000)
 ParOldGen       total 230400K, used 48567K [0x00000000a0000000, 0x00000000ae100000, 0x00000000e0000000)
  object space 230400K, 21% used [0x00000000a0000000,0x00000000a2f6dff8,0x00000000ae100000)
 Metaspace       used 72971K, capacity 75984K, committed 76120K, reserved 1116160K
  class space    used 9480K, capacity 10075K, committed 10112K, reserved 1048576K
}
Event: 324.922 GC heap before
{Heap before GC invocations=20 (full 3):
 PSYoungGen      total 243712K, used 235619K [0x00000000e0000000, 0x00000000f0980000, 0x0000000100000000)
  eden space 216576K, 100% used [0x00000000e0000000,0x00000000ed380000,0x00000000ed380000)
  from space 27136K, 70% used [0x00000000eee80000,0x00000000f0118e50,0x00000000f0900000)
  to   space 27648K, 0% used [0x00000000ed380000,0x00000000ed380000,0x00000000eee80000)
 ParOldGen       total 230400K, used 48567K [0x00000000a0000000, 0x00000000ae100000, 0x00000000e0000000)
  object space 230400K, 21% used [0x00000000a0000000,0x00000000a2f6dff8,0x00000000ae100000)
 Metaspace       used 73331K, capacity 76304K, committed 76632K, reserved 1116160K
  class space    used 9487K, capacity 10075K, committed 10112K, reserved 1048576K
Event: 324.992 GC heap after
Heap after GC invocations=20 (full 3):
 PSYoungGen      total 244224K, used 27628K [0x00000000e0000000, 0x00000000f0980000, 0x0000000100000000)
  eden space 216576K, 0% used [0x00000000e0000000,0x00000000e0000000,0x00000000ed380000)
  from space 27648K, 99% used [0x00000000ed380000,0x00000000eee7b330,0x00000000eee80000)
  to   space 27136K, 0% used [0x00000000eee80000,0x00000000eee80000,0x00000000f0900000)
 ParOldGen       total 230400K, used 64202K [0x00000000a0000000, 0x00000000ae100000, 0x00000000e0000000)
  object space 230400K, 27% used [0x00000000a0000000,0x00000000a3eb2908,0x00000000ae100000)
 Metaspace       used 73331K, capacity 76304K, committed 76632K, reserved 1116160K
  class space    used 9487K, capacity 10075K, committed 10112K, reserved 1048576K
}

Deoptimization events (10 events):
Event: 323.701 Thread 0x000000001d5ac000 Uncommon trap: reason=bimorphic action=maybe_recompile pc=0x000000000525aec8 method=com.android.dx.ssa.SCCP.setLatticeValueTo(IILcom/android/dx/rop/cst/Constant;)Z @ 43
Event: 323.780 Thread 0x000000001d5ad000 Uncommon trap: reason=unloaded action=reinterpret pc=0x0000000004575940 method=java.util.concurrent.locks.AbstractQueuedSynchronizer.doAcquireInterruptibly(I)V @ 72
Event: 324.158 Thread 0x000000001d5ad800 Uncommon trap: reason=speculate_class_check action=maybe_recompile pc=0x000000000509537c method=com.android.dx.util.FixedSizeList.equals(Ljava/lang/Object;)Z @ 25
Event: 324.158 Thread 0x000000001d5ad800 Uncommon trap: reason=speculate_class_check action=maybe_recompile pc=0x000000000509537c method=com.android.dx.util.FixedSizeList.equals(Ljava/lang/Object;)Z @ 25
Event: 324.158 Thread 0x000000001d5ad800 Uncommon trap: reason=speculate_class_check action=maybe_recompile pc=0x000000000509537c method=com.android.dx.util.FixedSizeList.equals(Ljava/lang/Object;)Z @ 25
Event: 324.158 Thread 0x000000001d5ad800 Uncommon trap: reason=speculate_class_check action=maybe_recompile pc=0x000000000509537c method=com.android.dx.util.FixedSizeList.equals(Ljava/lang/Object;)Z @ 25
Event: 324.205 Thread 0x000000001d5ad800 Uncommon trap: reason=unstable_if action=reinterpret pc=0x00000000050a768c method=com.android.dx.dex.code.OutputFinisher.findOpcodeForInsn(Lcom/android/dx/dex/code/DalvInsn;Lcom/android/dx/dex/code/Dop;)Lcom/android/dx/dex/code/Dop; @ 1
Event: 325.342 Thread 0x000000001d5a8800 Uncommon trap: reason=unstable_if action=reinterpret pc=0x00000000054a881c method=com.android.dx.util.ByteArrayAnnotatedOutput.writeByte(I)V @ 13
Event: 329.378 Thread 0x000000001ec26800 Uncommon trap: reason=bimorphic action=maybe_recompile pc=0x0000000003ac3f84 method=java.io.DataInputStream.readUnsignedShort()I @ 4
Event: 329.378 Thread 0x000000001ec26800 Uncommon trap: reason=bimorphic action=maybe_recompile pc=0x0000000003ac3f84 method=java.io.DataInputStream.readUnsignedShort()I @ 4

Internal exceptions (10 events):
Event: 322.864 Thread 0x000000001c04b800 Exception <a 'sun/nio/fs/WindowsException'> (0x00000000e89d8068) thrown at [C:\src\android\AOSP-openjdk\external\jetbrains\jdk\hotspot\src\share\vm\prims\jni.cpp, line 709]
Event: 322.994 Thread 0x000000001ec2c000 Exception <a 'sun/nio/fs/WindowsException'> (0x00000000e009d610) thrown at [C:\src\android\AOSP-openjdk\external\jetbrains\jdk\hotspot\src\share\vm\prims\jni.cpp, line 709]
Event: 323.048 Thread 0x000000001c04c000 Implicit null exception at 0x000000000517c4e2 to 0x000000000517c5da
Event: 323.216 Thread 0x000000001c049000 Exception <a 'sun/nio/fs/WindowsException'> (0x00000000e0019fc0) thrown at [C:\src\android\AOSP-openjdk\external\jetbrains\jdk\hotspot\src\share\vm\prims\jni.cpp, line 709]
Event: 323.409 Thread 0x000000001ec2c000 Exception <a 'sun/nio/fs/WindowsException'> (0x00000000e00b9ff8) thrown at [C:\src\android\AOSP-openjdk\external\jetbrains\jdk\hotspot\src\share\vm\prims\jni.cpp, line 709]
Event: 324.878 Thread 0x000000001ec2c000 Exception <a 'sun/nio/fs/WindowsException'> (0x00000000ec51f028) thrown at [C:\src\android\AOSP-openjdk\external\jetbrains\jdk\hotspot\src\share\vm\prims\jni.cpp, line 709]
Event: 325.045 Thread 0x000000001c04d800 Exception <a 'sun/nio/fs/WindowsException'> (0x00000000e000cdf0) thrown at [C:\src\android\AOSP-openjdk\external\jetbrains\jdk\hotspot\src\share\vm\prims\jni.cpp, line 709]
Event: 325.083 Thread 0x000000001c049000 Exception <a 'sun/nio/fs/WindowsException'> (0x00000000e005cf48) thrown at [C:\src\android\AOSP-openjdk\external\jetbrains\jdk\hotspot\src\share\vm\prims\jni.cpp, line 709]
Event: 325.093 Thread 0x000000001ec2c000 Exception <a 'sun/nio/fs/WindowsException'> (0x00000000e004f400) thrown at [C:\src\android\AOSP-openjdk\external\jetbrains\jdk\hotspot\src\share\vm\prims\jni.cpp, line 709]
Event: 325.190 Thread 0x000000001c049000 Exception <a 'sun/nio/fs/WindowsException'> (0x00000000e0079c80) thrown at [C:\src\android\AOSP-openjdk\external\jetbrains\jdk\hotspot\src\share\vm\prims\jni.cpp, line 709]

Events (10 events):
Event: 328.855 loading class java/security/DigestInputStream done
Event: 329.378 loading class sun/security/provider/JavaKeyStore$KeyEntry
Event: 329.378 loading class sun/security/provider/JavaKeyStore$KeyEntry done
Event: 329.378 Thread 0x000000001ec26800 Uncommon trap: trap_request=0xffffffc6 fr.pc=0x0000000003ac3f84
Event: 329.378 Thread 0x000000001ec26800 DEOPT PACKING pc=0x0000000003ac3f84 sp=0x000000002512bd30
Event: 329.378 Thread 0x000000001ec26800 DEOPT UNPACKING pc=0x0000000002b2556a sp=0x000000002512bc88 mode 2
Event: 329.378 Thread 0x000000001ec26800 Uncommon trap: trap_request=0xffffffc6 fr.pc=0x0000000003ac3f84
Event: 329.378 Thread 0x000000001ec26800 DEOPT PACKING pc=0x0000000003ac3f84 sp=0x000000002512bd30
Event: 329.378 Thread 0x000000001ec26800 DEOPT UNPACKING pc=0x0000000002b2556a sp=0x000000002512bc88 mode 2
Event: 329.379 Executing VM operation: RevokeBias


Dynamic libraries:
0x00007ff787b10000 - 0x00007ff787b41000 	C:\Program Files\Android\Android Studio\jre\bin\java.exe
0x00007ffbb7990000 - 0x00007ffbb7b62000 	C:\WINDOWS\SYSTEM32\ntdll.dll
0x00007ffbb5390000 - 0x00007ffbb543c000 	C:\WINDOWS\System32\KERNEL32.DLL
0x00007ffbb45e0000 - 0x00007ffbb47fd000 	C:\WINDOWS\System32\KERNELBASE.dll
0x00007ffbb4f20000 - 0x00007ffbb4fc2000 	C:\WINDOWS\System32\ADVAPI32.dll
0x00007ffbb73d0000 - 0x00007ffbb746e000 	C:\WINDOWS\System32\msvcrt.dll
0x00007ffbb51b0000 - 0x00007ffbb5209000 	C:\WINDOWS\System32\sechost.dll
0x00007ffbb4fd0000 - 0x00007ffbb50f1000 	C:\WINDOWS\System32\RPCRT4.dll
0x00007ffbb5210000 - 0x00007ffbb5375000 	C:\WINDOWS\System32\USER32.dll
0x00007ffbb3e90000 - 0x00007ffbb3eae000 	C:\WINDOWS\System32\win32u.dll
0x00007ffbb7850000 - 0x00007ffbb7884000 	C:\WINDOWS\System32\GDI32.dll
0x00007ffbb48a0000 - 0x00007ffbb4a20000 	C:\WINDOWS\System32\gdi32full.dll
0x00007ffba98d0000 - 0x00007ffba9b4a000 	C:\WINDOWS\WinSxS\amd64_microsoft.windows.common-controls_6595b64144ccf1df_6.0.14393.953_none_42151e83c686086b\COMCTL32.dll
0x00007ffbb5760000 - 0x00007ffbb5a28000 	C:\WINDOWS\System32\combase.dll
0x00007ffbb4a90000 - 0x00007ffbb4b85000 	C:\WINDOWS\System32\ucrtbase.dll
0x00007ffbb4a20000 - 0x00007ffbb4a8a000 	C:\WINDOWS\System32\bcryptPrimitives.dll
0x00007ffbb7750000 - 0x00007ffbb777e000 	C:\WINDOWS\System32\IMM32.DLL
0x0000000051c40000 - 0x0000000051d12000 	C:\Program Files\Android\Android Studio\jre\jre\bin\msvcr100.dll
0x0000000051e00000 - 0x000000005263c000 	C:\Program Files\Android\Android Studio\jre\jre\bin\server\jvm.dll
0x00007ffbb5380000 - 0x00007ffbb5388000 	C:\WINDOWS\System32\PSAPI.DLL
0x00007ffbb2290000 - 0x00007ffbb22b3000 	C:\WINDOWS\SYSTEM32\WINMM.dll
0x00007ffba5be0000 - 0x00007ffba5bea000 	C:\WINDOWS\SYSTEM32\VERSION.dll
0x00007ffba4060000 - 0x00007ffba4069000 	C:\WINDOWS\SYSTEM32\WSOCK32.dll
0x00007ffbb7780000 - 0x00007ffbb77ea000 	C:\WINDOWS\System32\WS2_32.dll
0x00000000010b0000 - 0x00000000010db000 	C:\WINDOWS\SYSTEM32\WINMMBASE.dll
0x00007ffbb3eb0000 - 0x00007ffbb3ef2000 	C:\WINDOWS\System32\cfgmgr32.dll
0x00007ffbb0940000 - 0x00007ffbb094f000 	C:\Program Files\Android\Android Studio\jre\jre\bin\verify.dll
0x00007ffba6f10000 - 0x00007ffba6f39000 	C:\Program Files\Android\Android Studio\jre\jre\bin\java.dll
0x00007ffba9bc0000 - 0x00007ffba9bd6000 	C:\Program Files\Android\Android Studio\jre\jre\bin\zip.dll
0x00007ffbb5ec0000 - 0x00007ffbb73c8000 	C:\WINDOWS\System32\SHELL32.dll
0x00007ffbb3f00000 - 0x00007ffbb45da000 	C:\WINDOWS\System32\windows.storage.dll
0x00007ffbb3e20000 - 0x00007ffbb3e6c000 	C:\WINDOWS\System32\powrprof.dll
0x00007ffbb77f0000 - 0x00007ffbb7842000 	C:\WINDOWS\System32\shlwapi.dll
0x00007ffbb3e80000 - 0x00007ffbb3e8f000 	C:\WINDOWS\System32\kernel.appcore.dll
0x00007ffbb4ca0000 - 0x00007ffbb4d49000 	C:\WINDOWS\System32\shcore.dll
0x00007ffbb3e00000 - 0x00007ffbb3e14000 	C:\WINDOWS\System32\profapi.dll
0x00007ffba6dd0000 - 0x00007ffba6dea000 	C:\Program Files\Android\Android Studio\jre\jre\bin\net.dll
0x00007ffbb36d0000 - 0x00007ffbb372c000 	C:\WINDOWS\system32\mswsock.dll
0x00007ffba6db0000 - 0x00007ffba6dc1000 	C:\Program Files\Android\Android Studio\jre\jre\bin\nio.dll
0x00007ffba5f90000 - 0x00007ffba5fae000 	C:\Users\Halcyon\.gradle\native\23\windows-amd64\native-platform.dll
0x00007ffbb3870000 - 0x00007ffbb3887000 	C:\WINDOWS\SYSTEM32\CRYPTSP.dll
0x00007ffbb32d0000 - 0x00007ffbb3303000 	C:\WINDOWS\system32\rsaenh.dll
0x00007ffbb3d50000 - 0x00007ffbb3d7b000 	C:\WINDOWS\SYSTEM32\bcrypt.dll
0x00007ffbb3550000 - 0x00007ffbb356f000 	C:\WINDOWS\SYSTEM32\USERENV.dll
0x00007ffbb3d30000 - 0x00007ffbb3d3b000 	C:\WINDOWS\SYSTEM32\CRYPTBASE.dll
0x00007ffbb3450000 - 0x00007ffbb3488000 	C:\WINDOWS\SYSTEM32\IPHLPAPI.DLL
0x00007ffbb5100000 - 0x00007ffbb5108000 	C:\WINDOWS\System32\NSI.dll
0x00007ffbaa7f0000 - 0x00007ffbaa806000 	C:\WINDOWS\SYSTEM32\dhcpcsvc6.DLL
0x00007ffbaa7d0000 - 0x00007ffbaa7ea000 	C:\WINDOWS\SYSTEM32\dhcpcsvc.DLL
0x00007ffbafcc0000 - 0x00007ffbafccd000 	C:\Program Files\Android\Android Studio\jre\jre\bin\management.dll
0x00007ffba6d10000 - 0x00007ffba6d34000 	C:\Program Files\Android\Android Studio\jre\jre\bin\sunec.dll
0x00007ffbb3490000 - 0x00007ffbb3531000 	C:\WINDOWS\SYSTEM32\DNSAPI.dll
0x00007ffbaa4b0000 - 0x00007ffbaa4ba000 	C:\Windows\System32\rasadhlp.dll
0x00007ffbaa900000 - 0x00007ffbaa96a000 	C:\WINDOWS\System32\fwpuclnt.dll
0x00007ffba9150000 - 0x00007ffba915b000 	C:\Program Files\Android\Android Studio\jre\jre\bin\sunmscapi.dll
0x00007ffbb4d50000 - 0x00007ffbb4f19000 	C:\WINDOWS\System32\CRYPT32.dll
0x00007ffbb3e70000 - 0x00007ffbb3e80000 	C:\WINDOWS\System32\MSASN1.dll
0x00007ffbb2ba0000 - 0x00007ffbb2bd2000 	C:\WINDOWS\SYSTEM32\ntmarta.dll

VM Arguments:
jvm_args: -Xmx1536m -Dfile.encoding=windows-1252 -Duser.country=US -Duser.language=en -Duser.variant 
java_command: org.gradle.launcher.daemon.bootstrap.GradleDaemon 3.3
java_class_path (initial): C:\Users\Halcyon\.gradle\wrapper\dists\gradle-3.3-all\55gk2rcmfc6p2dg9u9ohc3hw9\gradle-3.3\lib\gradle-launcher-3.3.jar
Launcher Type: SUN_STANDARD

Environment Variables:
CLASSPATH=C:\Program Files\Weka-3-8\weka.jar;C:\Users\Halcyon\Documents\NetBeansProjects\ML1\src\ml1;C:\Users\Halcyon\Downloads\waldo2\mixture\weka_java
PATH=C:\ProgramData\Oracle\Java\javapath;C:\Program Files (x86)\Intel\iCLS Client\;C:\Program Files\Intel\iCLS Client\;C:\WINDOWS\system32;C:\WINDOWS;C:\WINDOWS\System32\Wbem;C:\WINDOWS\System32\WindowsPowerShell\v1.0\;C:\Program Files (x86)\Intel\Intel(R) Management Engine Components\DAL;C:\Program Files\Intel\Intel(R) Management Engine Components\DAL;C:\Program Files (x86)\Intel\Intel(R) Management Engine Components\IPT;C:\Program Files\Intel\Intel(R) Management Engine Components\IPT;C:\Program Files\Intel\WiFi\bin\;C:\Program Files\Common Files\Intel\WirelessCommon\;C:\Program Files (x86)\Skype\Phone\;C:\Program Files\Git\cmd;C:\Program Files\nodejs\;C:\Program Files\PuTTY\;C:\Users\Halcyon\AppData\Local\Programs\Python\Python35\Scripts\;C:\Users\Halcyon\AppData\Local\Programs\Python\Python35\;C:\Python27;C:\Python27\Lib;C:\Python27\DLLs;C:\Python27\Lib\lib-tk;C:\Program Files\Weka-3-8\weka.jar;C:\Users\Halcyon\AppData\Local\Microsoft\WindowsApps;C:\Users\Halcyon\AppData\Roaming\npm;C:\Program Files\Java\jdk1.8.0_101\bin
USERNAME=Halcyon
OS=Windows_NT
PROCESSOR_IDENTIFIER=Intel64 Family 6 Model 61 Stepping 4, GenuineIntel



---------------  S Y S T E M  ---------------

OS: Windows 10.0 , 64 bit Build 14393 (10.0.14393.1198)

CPU:total 4 (2 cores per cpu, 2 threads per core) family 6 model 61 stepping 4, cmov, cx8, fxsr, mmx, sse, sse2, sse3, ssse3, sse4.1, sse4.2, popcnt, avx, avx2, aes, clmul, erms, 3dnowpref, lzcnt, ht, tsc, tscinvbit, bmi1, bmi2, adx

Memory: 4k page, physical 12494988k(7320484k free), swap 14974092k(3536k free)

vm_info: OpenJDK 64-Bit Server VM (25.112-b06) for windows-amd64 JRE (1.8.0_112-release-b06), built on Dec  8 2016 00:54:26 by "builder" with MS VC++ 10.0 (VS2010)

time: Tue Oct 24 11:08:16 2017
elapsed time: 329 seconds (0d 0h 5m 29s)

