JvmtiExport can_access_local_variables 0
JvmtiExport can_hotswap_or_post_breakpoint 0
JvmtiExport can_post_on_exceptions 0
# 219 ciObject found
ciMethod java/lang/Object <init> ()V 4097 1 4797195 0 0
ciMethod java/lang/System nanoTime ()J 3073 1 384 0 -1
ciMethod java/lang/Exception <init> ()V 2049 1 411 0 -1
ciMethod java/lang/Thread currentThread ()Ljava/lang/Thread; 2049 1 256 0 -1
ciMethod java/lang/Thread interrupted ()Z 2041 1 46553 0 96
ciMethod java/lang/Thread isInterrupted (Z)Z 4105 1 513 0 -1
ciMethod sun/misc/Unsafe putObject (Ljava/lang/Object;JLjava/lang/Object;)V 2049 1 256 0 -1
ciMethod sun/misc/Unsafe compareAndSwapObject (Ljava/lang/Object;JLjava/lang/Object;Ljava/lang/Object;)Z 2049 1 256 0 -1
ciMethod sun/misc/Unsafe compareAndSwapInt (Ljava/lang/Object;JII)Z 2049 1 256 0 -1
ciMethod sun/misc/Unsafe park (ZJ)V 2049 1 256 0 -1
ciMethod java/lang/InterruptedException <init> ()V 0 0 31 0 0
ciMethodData java/lang/Object <init> ()V 2 4797195 orig 264 8 110 58 82 0 0 0 0 128 4 171 21 0 0 0 0 32 1 0 0 0 0 0 0 0 0 0 0 0 0 0 0 0 0 0 0 0 0 0 0 0 0 0 0 0 0 0 0 0 0 0 0 0 0 0 0 0 0 0 0 0 0 0 0 0 0 0 0 0 0 0 0 0 0 0 0 0 0 0 0 77 68 79 32 101 120 116 114 97 32 100 97 116 97 32 108 111 99 107 0 0 0 0 0 0 0 0 0 0 0 0 0 0 0 0 0 0 0 0 0 0 0 0 0 0 0 0 0 0 0 0 0 0 0 0 0 0 0 0 0 0 0 0 0 0 0 0 0 0 0 0 0 0 0 0 0 0 0 0 0 0 0 0 0 0 0 0 0 0 0 0 0 0 0 0 0 0 0 0 0 0 0 0 0 1 0 0 0 0 0 0 0 1 0 0 0 0 0 0 0 1 0 0 0 0 0 0 0 0 0 0 0 0 0 0 0 0 2 0 0 89 136 73 2 1 0 0 0 0 0 0 0 0 0 0 0 2 0 0 0 0 0 3 0 1 0 0 0 0 0 0 0 255 255 255 255 0 0 0 0 0 0 0 0 data 0 oops 0
ciMethod java/util/concurrent/locks/ReentrantLock lockInterruptibly ()V 2049 1 14522 1 0
ciMethod java/util/concurrent/locks/ReentrantLock unlock ()V 2049 1 49588 0 160
ciMethod java/util/concurrent/locks/ReentrantLock$NonfairSync tryAcquire (I)Z 1617 1 5323 0 192
ciMethod java/util/concurrent/locks/ReentrantLock$Sync nonfairTryAcquire (I)Z 2049 1 6402 0 192
ciMethod java/util/concurrent/locks/ReentrantLock$Sync tryRelease (I)Z 2081 1 7557 0 128
ciMethod java/util/concurrent/locks/ReentrantLock$Sync isHeldExclusively ()Z 2049 1 17879 0 64
ciMethod java/util/concurrent/locks/AbstractQueuedSynchronizer getState ()I 1025 1 128 0 0
ciMethod java/util/concurrent/locks/AbstractQueuedSynchronizer setState (I)V 2049 1 18375 0 0
ciMethod java/util/concurrent/locks/AbstractQueuedSynchronizer compareAndSetState (II)Z 2057 1 25956 0 0
ciMethod java/util/concurrent/locks/AbstractQueuedSynchronizer enq (Ljava/util/concurrent/locks/AbstractQueuedSynchronizer$Node;)Ljava/util/concurrent/locks/AbstractQueuedSynchronizer$Node; 1937 25 5362 0 416
ciMethod java/util/concurrent/locks/AbstractQueuedSynchronizer addWaiter (Ljava/util/concurrent/locks/AbstractQueuedSynchronizer$Node;)Ljava/util/concurrent/locks/AbstractQueuedSynchronizer$Node; 1 1 1070 0 0
ciMethod java/util/concurrent/locks/AbstractQueuedSynchronizer setHead (Ljava/util/concurrent/locks/AbstractQueuedSynchronizer$Node;)V 2049 1 5822 0 96
ciMethod java/util/concurrent/locks/AbstractQueuedSynchronizer unparkSuccessor (Ljava/util/concurrent/locks/AbstractQueuedSynchronizer$Node;)V 33 1 3525 0 0
ciMethod java/util/concurrent/locks/AbstractQueuedSynchronizer cancelAcquire (Ljava/util/concurrent/locks/AbstractQueuedSynchronizer$Node;)V 0 0 1 0 0
ciMethod java/util/concurrent/locks/AbstractQueuedSynchronizer shouldParkAfterFailedAcquire (Ljava/util/concurrent/locks/AbstractQueuedSynchronizer$Node;Ljava/util/concurrent/locks/AbstractQueuedSynchronizer$Node;)Z 1 1 1964 0 0
ciMethod java/util/concurrent/locks/AbstractQueuedSynchronizer parkAndCheckInterrupt ()Z 1 1 923 0 0
ciMethod java/util/concurrent/locks/AbstractQueuedSynchronizer acquireQueued (Ljava/util/concurrent/locks/AbstractQueuedSynchronizer$Node;I)Z 433 1 5174 0 -1
ciMethod java/util/concurrent/locks/AbstractQueuedSynchronizer doAcquireInterruptibly (I)V 1 1 710 1 0
ciMethod java/util/concurrent/locks/AbstractQueuedSynchronizer tryAcquire (I)Z 0 0 1 0 -1
ciMethod java/util/concurrent/locks/AbstractQueuedSynchronizer tryRelease (I)Z 0 0 1 0 -1
ciMethod java/util/concurrent/locks/AbstractQueuedSynchronizer isHeldExclusively ()Z 0 0 1 0 -1
ciMethod java/util/concurrent/locks/AbstractQueuedSynchronizer acquireInterruptibly (I)V 2041 1 14522 1 0
ciMethod java/util/concurrent/locks/AbstractQueuedSynchronizer release (I)Z 2049 1 13871 0 128
ciMethod java/util/concurrent/locks/AbstractQueuedSynchronizer hasQueuedPredecessors ()Z 2049 1 5381 0 96
ciMethod java/util/concurrent/locks/AbstractQueuedSynchronizer isOnSyncQueue (Ljava/util/concurrent/locks/AbstractQueuedSynchronizer$Node;)Z 2049 1 11763 0 -1
ciMethod java/util/concurrent/locks/AbstractQueuedSynchronizer transferForSignal (Ljava/util/concurrent/locks/AbstractQueuedSynchronizer$Node;)Z 2049 1 2394 0 0
ciMethod java/util/concurrent/locks/AbstractQueuedSynchronizer transferAfterCancelledWait (Ljava/util/concurrent/locks/AbstractQueuedSynchronizer$Node;)Z 1785 1 3698 0 -1
ciMethod java/util/concurrent/locks/AbstractQueuedSynchronizer fullyRelease (Ljava/util/concurrent/locks/AbstractQueuedSynchronizer$Node;)I 2049 1 5767 0 -1
ciMethod java/util/concurrent/locks/AbstractQueuedSynchronizer compareAndSetHead (Ljava/util/concurrent/locks/AbstractQueuedSynchronizer$Node;)Z 25 1 312 0 0
ciMethod java/util/concurrent/locks/AbstractQueuedSynchronizer compareAndSetTail (Ljava/util/concurrent/locks/AbstractQueuedSynchronizer$Node;Ljava/util/concurrent/locks/AbstractQueuedSynchronizer$Node;)Z 2049 1 6067 0 0
ciMethod java/util/concurrent/locks/AbstractQueuedSynchronizer compareAndSetWaitStatus (Ljava/util/concurrent/locks/AbstractQueuedSynchronizer$Node;II)Z 2049 1 13131 0 0
ciMethod java/util/concurrent/locks/AbstractQueuedSynchronizer compareAndSetNext (Ljava/util/concurrent/locks/AbstractQueuedSynchronizer$Node;Ljava/util/concurrent/locks/AbstractQueuedSynchronizer$Node;Ljava/util/concurrent/locks/AbstractQueuedSynchronizer$Node;)Z 0 0 1 0 -1
ciMethod java/util/concurrent/locks/AbstractOwnableSynchronizer setExclusiveOwnerThread (Ljava/lang/Thread;)V 2049 1 23021 0 0
ciMethod java/util/concurrent/locks/AbstractOwnableSynchronizer getExclusiveOwnerThread ()Ljava/lang/Thread; 1025 1 128 0 0
ciMethod java/util/concurrent/locks/AbstractQueuedSynchronizer$Node predecessor ()Ljava/util/concurrent/locks/AbstractQueuedSynchronizer$Node; 2049 1 8034 0 0
ciMethod java/util/concurrent/locks/AbstractQueuedSynchronizer$Node <init> ()V 33 1 313 0 0
ciMethod java/util/concurrent/locks/AbstractQueuedSynchronizer$Node <init> (Ljava/lang/Thread;Ljava/util/concurrent/locks/AbstractQueuedSynchronizer$Node;)V 2049 1 1071 0 -1
ciMethodData java/lang/Thread interrupted ()Z 2 46553 orig 264 8 110 58 82 0 0 0 0 232 220 173 21 0 0 0 0 96 1 0 0 0 0 0 0 0 0 0 0 0 0 0 0 0 0 0 0 0 0 0 0 0 0 0 0 0 0 0 0 0 0 0 0 0 0 0 0 0 0 0 0 0 0 0 0 0 0 0 0 0 0 0 0 0 0 0 0 0 0 0 0 77 68 79 32 101 120 116 114 97 32 100 97 116 97 32 108 111 99 107 0 0 0 0 0 0 0 0 0 0 0 0 0 0 0 0 0 0 0 0 0 0 0 0 0 0 0 0 0 0 0 0 0 0 0 0 0 0 0 0 0 0 0 0 0 0 0 0 0 0 0 0 0 0 0 0 0 0 0 0 0 0 0 0 0 0 0 0 0 0 0 0 0 0 0 0 0 0 0 0 0 0 0 0 0 25 0 0 0 0 0 0 0 0 0 0 0 0 0 0 0 0 0 0 0 0 0 0 0 0 0 0 0 0 0 0 0 255 0 0 0 209 166 5 0 1 0 0 0 0 0 0 0 0 0 0 0 2 0 0 0 0 0 3 0 2 0 0 0 32 0 0 0 255 255 255 255 2 0 0 0 0 0 0 0 data 4 0x2 0xb4da 0x40002 0xb4dc oops 0
ciMethod java/util/concurrent/TimeUnit x (JJJ)J 2049 1 5498 0 0
ciMethod java/util/concurrent/TimeUnit toNanos (J)J 0 0 1 0 -1
ciMethod java/util/concurrent/TimeUnit$1 toNanos (J)J 2049 1 4231 0 0
ciMethod java/util/concurrent/TimeUnit$3 toNanos (J)J 2049 1 5377 0 160
ciMethod java/util/concurrent/locks/Condition awaitNanos (J)J 0 0 1 0 -1
ciMethod java/util/concurrent/locks/Condition signal ()V 0 0 1 0 -1
ciMethod java/util/concurrent/locks/AbstractQueuedSynchronizer$ConditionObject addConditionWaiter ()Ljava/util/concurrent/locks/AbstractQueuedSynchronizer$Node; 2049 1 5376 0 -1
ciMethod java/util/concurrent/locks/AbstractQueuedSynchronizer$ConditionObject doSignal (Ljava/util/concurrent/locks/AbstractQueuedSynchronizer$Node;)V 41 1 2003 0 0
ciMethod java/util/concurrent/locks/AbstractQueuedSynchronizer$ConditionObject unlinkCancelledWaiters ()V 1857 1857 3341 0 -1
ciMethod java/util/concurrent/locks/AbstractQueuedSynchronizer$ConditionObject signal ()V 89 1 11174 0 288
ciMethod java/util/concurrent/locks/AbstractQueuedSynchronizer$ConditionObject checkInterruptWhileWaiting (Ljava/util/concurrent/locks/AbstractQueuedSynchronizer$Node;)I 2049 1 6205 0 -1
ciMethod java/util/concurrent/locks/AbstractQueuedSynchronizer$ConditionObject reportInterruptAfterWait (I)V 1 1 15 4 -1
ciMethod java/util/concurrent/locks/AbstractQueuedSynchronizer$ConditionObject awaitNanos (J)J 2049 2145 5379 0 3744
ciMethod java/util/concurrent/locks/LockSupport setBlocker (Ljava/lang/Thread;Ljava/lang/Object;)V 2049 1 18114 0 0
ciMethod java/util/concurrent/locks/LockSupport unpark (Ljava/lang/Thread;)V 2049 1 5422 0 -1
ciMethod java/util/concurrent/locks/LockSupport park (Ljava/lang/Object;)V 33 1 3219 0 0
ciMethod java/util/concurrent/locks/LockSupport parkNanos (Ljava/lang/Object;J)V 2049 1 5848 0 -1
ciMethod java/util/concurrent/LinkedBlockingDeque unlinkFirst ()Ljava/lang/Object; 2057 1 5378 0 992
ciMethod java/util/concurrent/LinkedBlockingDeque pollFirst (JLjava/util/concurrent/TimeUnit;)Ljava/lang/Object; 2041 2041 5375 0 -1
ciMethodData java/util/concurrent/TimeUnit$1 toNanos (J)J 2 4231 orig 264 8 110 58 82 0 0 0 0 32 13 250 21 0 0 0 0 48 1 0 0 0 0 0 0 0 0 0 0 0 0 0 0 0 0 0 0 0 0 0 0 0 0 0 0 0 0 0 0 0 0 0 0 0 0 0 0 0 0 0 0 0 0 0 0 0 0 0 0 0 0 0 0 0 0 0 0 0 0 0 0 77 68 79 32 101 120 116 114 97 32 100 97 116 97 32 108 111 99 107 0 0 0 0 0 0 0 0 0 0 0 0 0 0 0 0 0 0 0 0 0 0 0 0 0 0 0 0 0 0 0 0 0 0 0 0 0 0 0 0 0 0 0 0 0 0 0 0 0 0 0 0 0 0 0 0 0 0 0 0 0 0 0 0 0 0 0 0 0 0 0 0 0 0 0 0 0 0 0 0 0 0 0 0 0 0 0 0 0 0 0 0 0 0 0 0 0 0 0 0 0 0 0 0 0 0 0 0 0 0 0 0 0 0 0 0 0 0 1 0 0 57 124 0 0 1 0 0 0 0 0 0 0 0 0 0 0 2 0 0 0 0 0 3 0 1 0 0 0 0 0 0 0 255 255 255 255 0 0 0 0 0 0 0 0 data 0 oops 0
ciMethodData java/util/concurrent/locks/ReentrantLock$FairSync tryAcquire (I)Z 2 5380 orig 264 8 110 58 82 0 0 0 0 208 49 62 33 0 0 0 0 48 3 0 0 160 1 0 0 0 0 0 0 0 0 0 0 0 0 0 0 0 0 0 0 0 0 0 0 0 0 0 0 0 0 0 0 0 0 0 0 0 0 0 0 0 0 0 0 0 0 0 0 0 0 0 0 0 0 0 0 0 0 0 0 77 68 79 32 101 120 116 114 97 32 100 97 116 97 32 108 111 99 107 0 0 0 0 0 0 0 0 0 0 0 0 0 0 0 0 0 0 0 0 0 0 0 0 0 0 0 0 0 0 0 0 0 0 0 0 0 0 0 0 0 0 0 0 0 0 0 0 0 0 0 0 0 0 0 0 0 0 0 0 0 0 0 0 0 0 0 0 0 0 0 0 0 0 0 0 0 0 0 0 0 0 0 0 0 0 0 0 0 0 0 0 0 0 0 0 0 0 0 0 0 0 0 0 0 0 0 0 0 0 0 0 0 0 0 0 0 2 1 0 0 17 160 0 0 1 0 0 0 0 0 0 0 0 0 0 0 2 0 0 0 0 0 14 0 2 0 0 0 224 1 0 0 255 255 255 255 2 0 0 0 0 0 0 0 data 60 0x2 0x1401 0x50005 0x0 0x1b39b140 0x1401 0x0 0x0 0xa0007 0x56 0xf0 0x13ab 0xe0005 0x0 0x1b39b140 0x13ab 0x0 0x0 0x110007 0x14f 0x150 0x125d 0x170005 0x0 0x1b39b140 0x125d 0x0 0x0 0x1a0007 0x0 0x100 0x125d 0x1f0005 0x0 0x1b39b140 0x125d 0x0 0x0 0x260005 0x0 0x1b39b140 0x56 0x0 0x0 0x290007 0x56 0x80 0x0 0x330007 0x0 0x30 0x0 0x3c0002 0x0 0x430005 0x0 0x0 0x0 0x0 0x0 oops 5